<?xml version="1.0" encoding="UTF-8"?>
<testng-results skipped="0" failed="0" ignored="0" total="11" passed="11">
  <reporter-output>
  </reporter-output>
  <suite name="Command line suite" duration-ms="117461" started-at="2019-03-25T07:12:53Z" finished-at="2019-03-25T07:14:50Z">
    <groups>
    </groups>
    <test name="Command line test" duration-ms="117461" started-at="2019-03-25T07:12:53Z" finished-at="2019-03-25T07:14:50Z">
      <class name="com.crm.qa.testcases.HomePageTest">
        <test-method status="PASS" signature="setUp()[pri:0, instance:com.crm.qa.testcases.HomePageTest@3fb6a447]" name="setUp" is-config="true" duration-ms="9506" started-at="2019-03-25T02:13:05Z" finished-at="2019-03-25T02:13:14Z">
          <reporter-output>
          </reporter-output>
        </test-method> <!-- setUp -->
        <test-method status="PASS" signature="verifyHomePageTitleTest()[pri:1, instance:com.crm.qa.testcases.HomePageTest@3fb6a447]" name="verifyHomePageTitleTest" duration-ms="7" started-at="2019-03-25T02:13:14Z" finished-at="2019-03-25T02:13:14Z">
          <reporter-output>
          </reporter-output>
        </test-method> <!-- verifyHomePageTitleTest -->
        <test-method status="PASS" signature="teamDown()[pri:0, instance:com.crm.qa.testcases.HomePageTest@3fb6a447]" name="teamDown" is-config="true" duration-ms="742" started-at="2019-03-25T02:13:14Z" finished-at="2019-03-25T02:13:15Z">
          <reporter-output>
          </reporter-output>
        </test-method> <!-- teamDown -->
        <test-method status="PASS" signature="setUp()[pri:0, instance:com.crm.qa.testcases.HomePageTest@3fb6a447]" name="setUp" is-config="true" duration-ms="9481" started-at="2019-03-25T02:13:32Z" finished-at="2019-03-25T02:13:41Z">
          <reporter-output>
          </reporter-output>
        </test-method> <!-- setUp -->
        <test-method status="PASS" signature="verifyUserNameTest()[pri:2, instance:com.crm.qa.testcases.HomePageTest@3fb6a447]" name="verifyUserNameTest" duration-ms="80" started-at="2019-03-25T02:13:41Z" finished-at="2019-03-25T02:13:42Z">
          <reporter-output>
          </reporter-output>
        </test-method> <!-- verifyUserNameTest -->
        <test-method status="PASS" signature="teamDown()[pri:0, instance:com.crm.qa.testcases.HomePageTest@3fb6a447]" name="teamDown" is-config="true" duration-ms="739" started-at="2019-03-25T02:13:42Z" finished-at="2019-03-25T02:13:42Z">
          <reporter-output>
          </reporter-output>
        </test-method> <!-- teamDown -->
        <test-method status="PASS" signature="setUp()[pri:0, instance:com.crm.qa.testcases.HomePageTest@3fb6a447]" name="setUp" is-config="true" duration-ms="9757" started-at="2019-03-25T02:14:29Z" finished-at="2019-03-25T02:14:38Z">
          <reporter-output>
          </reporter-output>
        </test-method> <!-- setUp -->
        <test-method status="PASS" signature="verifyContactsLinkTest()[pri:3, instance:com.crm.qa.testcases.HomePageTest@3fb6a447]" name="verifyContactsLinkTest" duration-ms="665" started-at="2019-03-25T02:14:38Z" finished-at="2019-03-25T02:14:39Z">
          <reporter-output>
          </reporter-output>
        </test-method> <!-- verifyContactsLinkTest -->
        <test-method status="PASS" signature="teamDown()[pri:0, instance:com.crm.qa.testcases.HomePageTest@3fb6a447]" name="teamDown" is-config="true" duration-ms="734" started-at="2019-03-25T02:14:39Z" finished-at="2019-03-25T02:14:40Z">
          <reporter-output>
          </reporter-output>
        </test-method> <!-- teamDown -->
      </class> <!-- com.crm.qa.testcases.HomePageTest -->
      <class name="com.crm.qa.testcases.ContactsPageTest">
        <test-method status="PASS" signature="setUp()[pri:0, instance:com.crm.qa.testcases.ContactsPageTest@7a5d012c]" name="setUp" is-config="true" duration-ms="11239" started-at="2019-03-25T02:12:53Z" finished-at="2019-03-25T02:13:04Z">
          <reporter-output>
          </reporter-output>
        </test-method> <!-- setUp -->
        <test-method status="PASS" signature="verifyContactsPageLabel()[pri:1, instance:com.crm.qa.testcases.ContactsPageTest@7a5d012c]" name="verifyContactsPageLabel" duration-ms="45" started-at="2019-03-25T02:13:04Z" finished-at="2019-03-25T02:13:04Z">
          <reporter-output>
          </reporter-output>
        </test-method> <!-- verifyContactsPageLabel -->
        <test-method status="PASS" signature="teamDown()[pri:0, instance:com.crm.qa.testcases.ContactsPageTest@7a5d012c]" name="teamDown" is-config="true" duration-ms="740" started-at="2019-03-25T02:13:04Z" finished-at="2019-03-25T02:13:05Z">
          <reporter-output>
          </reporter-output>
        </test-method> <!-- teamDown -->
        <test-method status="PASS" signature="setUp()[pri:0, instance:com.crm.qa.testcases.ContactsPageTest@7a5d012c]" name="setUp" is-config="true" duration-ms="9955" started-at="2019-03-25T02:13:21Z" finished-at="2019-03-25T02:13:31Z">
          <reporter-output>
          </reporter-output>
        </test-method> <!-- setUp -->
        <test-method status="PASS" signature="selectContactsTest()[pri:2, instance:com.crm.qa.testcases.ContactsPageTest@7a5d012c]" name="selectContactsTest" duration-ms="95" started-at="2019-03-25T02:13:31Z" finished-at="2019-03-25T02:13:31Z">
          <reporter-output>
          </reporter-output>
        </test-method> <!-- selectContactsTest -->
        <test-method status="PASS" signature="teamDown()[pri:0, instance:com.crm.qa.testcases.ContactsPageTest@7a5d012c]" name="teamDown" is-config="true" duration-ms="730" started-at="2019-03-25T02:13:31Z" finished-at="2019-03-25T02:13:32Z">
          <reporter-output>
          </reporter-output>
        </test-method> <!-- teamDown -->
        <test-method status="PASS" signature="setUp()[pri:0, instance:com.crm.qa.testcases.ContactsPageTest@7a5d012c]" name="setUp" is-config="true" duration-ms="10019" started-at="2019-03-25T02:13:49Z" finished-at="2019-03-25T02:13:59Z">
          <reporter-output>
          </reporter-output>
        </test-method> <!-- setUp -->
        <test-method status="PASS" signature="validateCreateNewContact(java.lang.String, java.lang.String, java.lang.String, java.lang.String)[pri:3, instance:com.crm.qa.testcases.ContactsPageTest@7a5d012c]" name="validateCreateNewContact" duration-ms="2635" started-at="2019-03-25T02:13:59Z" data-provider="getCRMTestData" finished-at="2019-03-25T02:14:02Z">
          <params>
            <param index="0">
              <value>
                <![CDATA[Mr.]]>
              </value>
            </param>
            <param index="1">
              <value>
                <![CDATA[Jason]]>
              </value>
            </param>
            <param index="2">
              <value>
                <![CDATA[Bourne]]>
              </value>
            </param>
            <param index="3">
              <value>
                <![CDATA[Amazon]]>
              </value>
            </param>
          </params>
          <reporter-output>
          </reporter-output>
        </test-method> <!-- validateCreateNewContact -->
        <test-method status="PASS" signature="teamDown()[pri:0, instance:com.crm.qa.testcases.ContactsPageTest@7a5d012c]" name="teamDown" is-config="true" duration-ms="756" started-at="2019-03-25T02:14:02Z" finished-at="2019-03-25T02:14:02Z">
          <reporter-output>
          </reporter-output>
        </test-method> <!-- teamDown -->
        <test-method status="PASS" signature="setUp()[pri:0, instance:com.crm.qa.testcases.ContactsPageTest@7a5d012c]" name="setUp" is-config="true" duration-ms="10071" started-at="2019-03-25T02:14:02Z" finished-at="2019-03-25T02:14:13Z">
          <reporter-output>
          </reporter-output>
        </test-method> <!-- setUp -->
        <test-method status="PASS" signature="validateCreateNewContact(java.lang.String, java.lang.String, java.lang.String, java.lang.String)[pri:3, instance:com.crm.qa.testcases.ContactsPageTest@7a5d012c]" name="validateCreateNewContact" duration-ms="2440" started-at="2019-03-25T02:14:13Z" data-provider="getCRMTestData" finished-at="2019-03-25T02:14:15Z">
          <params>
            <param index="0">
              <value>
                <![CDATA[Dr.]]>
              </value>
            </param>
            <param index="1">
              <value>
                <![CDATA[David]]>
              </value>
            </param>
            <param index="2">
              <value>
                <![CDATA[Cooper]]>
              </value>
            </param>
            <param index="3">
              <value>
                <![CDATA[Google]]>
              </value>
            </param>
          </params>
          <reporter-output>
          </reporter-output>
        </test-method> <!-- validateCreateNewContact -->
        <test-method status="PASS" signature="teamDown()[pri:0, instance:com.crm.qa.testcases.ContactsPageTest@7a5d012c]" name="teamDown" is-config="true" duration-ms="758" started-at="2019-03-25T02:14:15Z" finished-at="2019-03-25T02:14:16Z">
          <reporter-output>
          </reporter-output>
        </test-method> <!-- teamDown -->
        <test-method status="PASS" signature="setUp()[pri:0, instance:com.crm.qa.testcases.ContactsPageTest@7a5d012c]" name="setUp" is-config="true" duration-ms="10054" started-at="2019-03-25T02:14:16Z" finished-at="2019-03-25T02:14:26Z">
          <reporter-output>
          </reporter-output>
        </test-method> <!-- setUp -->
        <test-method status="PASS" signature="validateCreateNewContact(java.lang.String, java.lang.String, java.lang.String, java.lang.String)[pri:3, instance:com.crm.qa.testcases.ContactsPageTest@7a5d012c]" name="validateCreateNewContact" duration-ms="2204" started-at="2019-03-25T02:14:26Z" data-provider="getCRMTestData" finished-at="2019-03-25T02:14:28Z">
          <params>
            <param index="0">
              <value>
                <![CDATA[Mrs.]]>
              </value>
            </param>
            <param index="1">
              <value>
                <![CDATA[Sarah]]>
              </value>
            </param>
            <param index="2">
              <value>
                <![CDATA[James]]>
              </value>
            </param>
            <param index="3">
              <value>
                <![CDATA[Ebay]]>
              </value>
            </param>
          </params>
          <reporter-output>
          </reporter-output>
        </test-method> <!-- validateCreateNewContact -->
        <test-method status="PASS" signature="teamDown()[pri:0, instance:com.crm.qa.testcases.ContactsPageTest@7a5d012c]" name="teamDown" is-config="true" duration-ms="744" started-at="2019-03-25T02:14:28Z" finished-at="2019-03-25T02:14:29Z">
          <reporter-output>
          </reporter-output>
        </test-method> <!-- teamDown -->
      </class> <!-- com.crm.qa.testcases.ContactsPageTest -->
      <class name="com.crm.qa.testcases.LoginPageTest">
        <test-method status="PASS" signature="setUp()[pri:0, instance:com.crm.qa.testcases.LoginPageTest@79b4d0f]" name="setUp" is-config="true" duration-ms="5362" started-at="2019-03-25T02:13:15Z" finished-at="2019-03-25T02:13:20Z">
          <reporter-output>
          </reporter-output>
        </test-method> <!-- setUp -->
        <test-method status="PASS" signature="loginPageTitleTest()[pri:1, instance:com.crm.qa.testcases.LoginPageTest@79b4d0f]" name="loginPageTitleTest" duration-ms="49" started-at="2019-03-25T02:13:20Z" finished-at="2019-03-25T02:13:21Z">
          <reporter-output>
          </reporter-output>
        </test-method> <!-- loginPageTitleTest -->
        <test-method status="PASS" signature="tearDown()[pri:0, instance:com.crm.qa.testcases.LoginPageTest@79b4d0f]" name="tearDown" is-config="true" duration-ms="706" started-at="2019-03-25T02:13:21Z" finished-at="2019-03-25T02:13:21Z">
          <reporter-output>
          </reporter-output>
        </test-method> <!-- tearDown -->
        <test-method status="PASS" signature="setUp()[pri:0, instance:com.crm.qa.testcases.LoginPageTest@79b4d0f]" name="setUp" is-config="true" duration-ms="5194" started-at="2019-03-25T02:13:42Z" finished-at="2019-03-25T02:13:47Z">
          <reporter-output>
          </reporter-output>
        </test-method> <!-- setUp -->
        <test-method status="PASS" signature="crmLogoImageTest()[pri:2, instance:com.crm.qa.testcases.LoginPageTest@79b4d0f]" name="crmLogoImageTest" duration-ms="101" started-at="2019-03-25T02:13:47Z" finished-at="2019-03-25T02:13:48Z">
          <reporter-output>
          </reporter-output>
        </test-method> <!-- crmLogoImageTest -->
        <test-method status="PASS" signature="tearDown()[pri:0, instance:com.crm.qa.testcases.LoginPageTest@79b4d0f]" name="tearDown" is-config="true" duration-ms="694" started-at="2019-03-25T02:13:48Z" finished-at="2019-03-25T02:13:48Z">
          <reporter-output>
          </reporter-output>
        </test-method> <!-- tearDown -->
        <test-method status="PASS" signature="setUp()[pri:0, instance:com.crm.qa.testcases.LoginPageTest@79b4d0f]" name="setUp" is-config="true" duration-ms="5423" started-at="2019-03-25T02:14:40Z" finished-at="2019-03-25T02:14:45Z">
          <reporter-output>
          </reporter-output>
        </test-method> <!-- setUp -->
        <test-method status="PASS" signature="loginTest()[pri:3, instance:com.crm.qa.testcases.LoginPageTest@79b4d0f]" name="loginTest" duration-ms="4141" started-at="2019-03-25T02:14:45Z" finished-at="2019-03-25T02:14:49Z">
          <reporter-output>
          </reporter-output>
        </test-method> <!-- loginTest -->
        <test-method status="PASS" signature="tearDown()[pri:0, instance:com.crm.qa.testcases.LoginPageTest@79b4d0f]" name="tearDown" is-config="true" duration-ms="736" started-at="2019-03-25T02:14:49Z" finished-at="2019-03-25T02:14:50Z">
          <reporter-output>
          </reporter-output>
        </test-method> <!-- tearDown -->
      </class> <!-- com.crm.qa.testcases.LoginPageTest -->
    </test> <!-- Command line test -->
  </suite> <!-- Command line suite -->
</testng-results>
