<?xml version="1.0" encoding="UTF-8"?>
<testng-results skipped="0" failed="0" ignored="0" total="11" passed="11">
  <reporter-output>
  </reporter-output>
  <suite name="Free CRM Application Test Automation Test Suite" duration-ms="120070" started-at="2019-03-25T05:33:20Z" finished-at="2019-03-25T05:35:20Z">
    <groups>
    </groups>
    <test name="Free CRM App Test Cases" duration-ms="120070" started-at="2019-03-25T05:33:20Z" finished-at="2019-03-25T05:35:20Z">
      <class name="com.crm.qa.testcases.HomePageTest">
        <test-method status="PASS" signature="setUp()[pri:0, instance:com.crm.qa.testcases.HomePageTest@4667ae56]" name="setUp" is-config="true" duration-ms="9498" started-at="2019-03-25T05:33:32Z" finished-at="2019-03-25T05:33:42Z">
          <reporter-output>
          </reporter-output>
        </test-method> <!-- setUp -->
        <test-method status="PASS" signature="verifyHomePageTitleTest()[pri:1, instance:com.crm.qa.testcases.HomePageTest@4667ae56]" name="verifyHomePageTitleTest" duration-ms="10" started-at="2019-03-25T05:33:42Z" finished-at="2019-03-25T05:33:42Z">
          <reporter-output>
          </reporter-output>
        </test-method> <!-- verifyHomePageTitleTest -->
        <test-method status="PASS" signature="teamDown()[pri:0, instance:com.crm.qa.testcases.HomePageTest@4667ae56]" name="teamDown" is-config="true" duration-ms="751" started-at="2019-03-25T05:33:42Z" finished-at="2019-03-25T05:33:43Z">
          <reporter-output>
          </reporter-output>
        </test-method> <!-- teamDown -->
        <test-method status="PASS" signature="setUp()[pri:0, instance:com.crm.qa.testcases.HomePageTest@4667ae56]" name="setUp" is-config="true" duration-ms="9401" started-at="2019-03-25T05:34:00Z" finished-at="2019-03-25T05:34:10Z">
          <reporter-output>
          </reporter-output>
        </test-method> <!-- setUp -->
        <test-method status="PASS" signature="verifyUserNameTest()[pri:2, instance:com.crm.qa.testcases.HomePageTest@4667ae56]" name="verifyUserNameTest" duration-ms="79" started-at="2019-03-25T05:34:10Z" finished-at="2019-03-25T05:34:10Z">
          <reporter-output>
          </reporter-output>
        </test-method> <!-- verifyUserNameTest -->
        <test-method status="PASS" signature="teamDown()[pri:0, instance:com.crm.qa.testcases.HomePageTest@4667ae56]" name="teamDown" is-config="true" duration-ms="774" started-at="2019-03-25T05:34:10Z" finished-at="2019-03-25T05:34:10Z">
          <reporter-output>
          </reporter-output>
        </test-method> <!-- teamDown -->
        <test-method status="PASS" signature="setUp()[pri:0, instance:com.crm.qa.testcases.HomePageTest@4667ae56]" name="setUp" is-config="true" duration-ms="9871" started-at="2019-03-25T05:34:58Z" finished-at="2019-03-25T05:35:08Z">
          <reporter-output>
          </reporter-output>
        </test-method> <!-- setUp -->
        <test-method status="PASS" signature="verifyContactsLinkTest()[pri:3, instance:com.crm.qa.testcases.HomePageTest@4667ae56]" name="verifyContactsLinkTest" duration-ms="589" started-at="2019-03-25T05:35:08Z" finished-at="2019-03-25T05:35:09Z">
          <reporter-output>
          </reporter-output>
        </test-method> <!-- verifyContactsLinkTest -->
        <test-method status="PASS" signature="teamDown()[pri:0, instance:com.crm.qa.testcases.HomePageTest@4667ae56]" name="teamDown" is-config="true" duration-ms="767" started-at="2019-03-25T05:35:09Z" finished-at="2019-03-25T05:35:09Z">
          <reporter-output>
          </reporter-output>
        </test-method> <!-- teamDown -->
      </class> <!-- com.crm.qa.testcases.HomePageTest -->
      <class name="com.crm.qa.testcases.ContactsPageTest">
        <test-method status="PASS" signature="setUp()[pri:0, instance:com.crm.qa.testcases.ContactsPageTest@1a968a59]" name="setUp" is-config="true" duration-ms="12051" started-at="2019-03-25T05:33:20Z" finished-at="2019-03-25T05:33:32Z">
          <reporter-output>
          </reporter-output>
        </test-method> <!-- setUp -->
        <test-method status="PASS" signature="verifyContactsPageLabel()[pri:1, instance:com.crm.qa.testcases.ContactsPageTest@1a968a59]" name="verifyContactsPageLabel" duration-ms="45" started-at="2019-03-25T05:33:32Z" finished-at="2019-03-25T05:33:32Z">
          <reporter-output>
          </reporter-output>
        </test-method> <!-- verifyContactsPageLabel -->
        <test-method status="PASS" signature="teamDown()[pri:0, instance:com.crm.qa.testcases.ContactsPageTest@1a968a59]" name="teamDown" is-config="true" duration-ms="754" started-at="2019-03-25T05:33:32Z" finished-at="2019-03-25T05:33:32Z">
          <reporter-output>
          </reporter-output>
        </test-method> <!-- teamDown -->
        <test-method status="PASS" signature="setUp()[pri:0, instance:com.crm.qa.testcases.ContactsPageTest@1a968a59]" name="setUp" is-config="true" duration-ms="10424" started-at="2019-03-25T05:33:49Z" finished-at="2019-03-25T05:33:59Z">
          <reporter-output>
          </reporter-output>
        </test-method> <!-- setUp -->
        <test-method status="PASS" signature="selectContactsTest()[pri:2, instance:com.crm.qa.testcases.ContactsPageTest@1a968a59]" name="selectContactsTest" duration-ms="111" started-at="2019-03-25T05:33:59Z" finished-at="2019-03-25T05:33:59Z">
          <reporter-output>
          </reporter-output>
        </test-method> <!-- selectContactsTest -->
        <test-method status="PASS" signature="teamDown()[pri:0, instance:com.crm.qa.testcases.ContactsPageTest@1a968a59]" name="teamDown" is-config="true" duration-ms="751" started-at="2019-03-25T05:33:59Z" finished-at="2019-03-25T05:34:00Z">
          <reporter-output>
          </reporter-output>
        </test-method> <!-- teamDown -->
        <test-method status="PASS" signature="setUp()[pri:0, instance:com.crm.qa.testcases.ContactsPageTest@1a968a59]" name="setUp" is-config="true" duration-ms="10509" started-at="2019-03-25T05:34:17Z" finished-at="2019-03-25T05:34:28Z">
          <reporter-output>
          </reporter-output>
        </test-method> <!-- setUp -->
        <test-method status="PASS" signature="validateCreateNewContact(java.lang.String, java.lang.String, java.lang.String, java.lang.String)[pri:3, instance:com.crm.qa.testcases.ContactsPageTest@1a968a59]" name="validateCreateNewContact" duration-ms="2637" started-at="2019-03-25T05:34:28Z" data-provider="getCRMTestData" finished-at="2019-03-25T05:34:30Z">
          <params>
            <param index="0">
              <value>
                <![CDATA[Mr.]]>
              </value>
            </param>
            <param index="1">
              <value>
                <![CDATA[Jason]]>
              </value>
            </param>
            <param index="2">
              <value>
                <![CDATA[Bourne]]>
              </value>
            </param>
            <param index="3">
              <value>
                <![CDATA[Amazon]]>
              </value>
            </param>
          </params>
          <reporter-output>
          </reporter-output>
        </test-method> <!-- validateCreateNewContact -->
        <test-method status="PASS" signature="teamDown()[pri:0, instance:com.crm.qa.testcases.ContactsPageTest@1a968a59]" name="teamDown" is-config="true" duration-ms="784" started-at="2019-03-25T05:34:30Z" finished-at="2019-03-25T05:34:31Z">
          <reporter-output>
          </reporter-output>
        </test-method> <!-- teamDown -->
        <test-method status="PASS" signature="setUp()[pri:0, instance:com.crm.qa.testcases.ContactsPageTest@1a968a59]" name="setUp" is-config="true" duration-ms="10464" started-at="2019-03-25T05:34:31Z" finished-at="2019-03-25T05:34:42Z">
          <reporter-output>
          </reporter-output>
        </test-method> <!-- setUp -->
        <test-method status="PASS" signature="validateCreateNewContact(java.lang.String, java.lang.String, java.lang.String, java.lang.String)[pri:3, instance:com.crm.qa.testcases.ContactsPageTest@1a968a59]" name="validateCreateNewContact" duration-ms="2403" started-at="2019-03-25T05:34:42Z" data-provider="getCRMTestData" finished-at="2019-03-25T05:34:44Z">
          <params>
            <param index="0">
              <value>
                <![CDATA[Dr.]]>
              </value>
            </param>
            <param index="1">
              <value>
                <![CDATA[David]]>
              </value>
            </param>
            <param index="2">
              <value>
                <![CDATA[Cooper]]>
              </value>
            </param>
            <param index="3">
              <value>
                <![CDATA[Google]]>
              </value>
            </param>
          </params>
          <reporter-output>
          </reporter-output>
        </test-method> <!-- validateCreateNewContact -->
        <test-method status="PASS" signature="teamDown()[pri:0, instance:com.crm.qa.testcases.ContactsPageTest@1a968a59]" name="teamDown" is-config="true" duration-ms="769" started-at="2019-03-25T05:34:44Z" finished-at="2019-03-25T05:34:45Z">
          <reporter-output>
          </reporter-output>
        </test-method> <!-- teamDown -->
        <test-method status="PASS" signature="setUp()[pri:0, instance:com.crm.qa.testcases.ContactsPageTest@1a968a59]" name="setUp" is-config="true" duration-ms="10522" started-at="2019-03-25T05:34:45Z" finished-at="2019-03-25T05:34:55Z">
          <reporter-output>
          </reporter-output>
        </test-method> <!-- setUp -->
        <test-method status="PASS" signature="validateCreateNewContact(java.lang.String, java.lang.String, java.lang.String, java.lang.String)[pri:3, instance:com.crm.qa.testcases.ContactsPageTest@1a968a59]" name="validateCreateNewContact" duration-ms="2218" started-at="2019-03-25T05:34:55Z" data-provider="getCRMTestData" finished-at="2019-03-25T05:34:57Z">
          <params>
            <param index="0">
              <value>
                <![CDATA[Mrs.]]>
              </value>
            </param>
            <param index="1">
              <value>
                <![CDATA[Sarah]]>
              </value>
            </param>
            <param index="2">
              <value>
                <![CDATA[James]]>
              </value>
            </param>
            <param index="3">
              <value>
                <![CDATA[Ebay]]>
              </value>
            </param>
          </params>
          <reporter-output>
          </reporter-output>
        </test-method> <!-- validateCreateNewContact -->
        <test-method status="PASS" signature="teamDown()[pri:0, instance:com.crm.qa.testcases.ContactsPageTest@1a968a59]" name="teamDown" is-config="true" duration-ms="777" started-at="2019-03-25T05:34:57Z" finished-at="2019-03-25T05:34:58Z">
          <reporter-output>
          </reporter-output>
        </test-method> <!-- teamDown -->
      </class> <!-- com.crm.qa.testcases.ContactsPageTest -->
      <class name="com.crm.qa.testcases.LoginPageTest">
        <test-method status="PASS" signature="setUp()[pri:0, instance:com.crm.qa.testcases.LoginPageTest@77cd7a0]" name="setUp" is-config="true" duration-ms="5395" started-at="2019-03-25T05:33:43Z" finished-at="2019-03-25T05:33:48Z">
          <reporter-output>
          </reporter-output>
        </test-method> <!-- setUp -->
        <test-method status="PASS" signature="loginPageTitleTest()[pri:1, instance:com.crm.qa.testcases.LoginPageTest@77cd7a0]" name="loginPageTitleTest" duration-ms="12" started-at="2019-03-25T05:33:48Z" finished-at="2019-03-25T05:33:48Z">
          <reporter-output>
          </reporter-output>
        </test-method> <!-- loginPageTitleTest -->
        <test-method status="PASS" signature="tearDown()[pri:0, instance:com.crm.qa.testcases.LoginPageTest@77cd7a0]" name="tearDown" is-config="true" duration-ms="713" started-at="2019-03-25T05:33:48Z" finished-at="2019-03-25T05:33:49Z">
          <reporter-output>
          </reporter-output>
        </test-method> <!-- tearDown -->
        <test-method status="PASS" signature="setUp()[pri:0, instance:com.crm.qa.testcases.LoginPageTest@77cd7a0]" name="setUp" is-config="true" duration-ms="5265" started-at="2019-03-25T05:34:10Z" finished-at="2019-03-25T05:34:16Z">
          <reporter-output>
          </reporter-output>
        </test-method> <!-- setUp -->
        <test-method status="PASS" signature="crmLogoImageTest()[pri:2, instance:com.crm.qa.testcases.LoginPageTest@77cd7a0]" name="crmLogoImageTest" duration-ms="76" started-at="2019-03-25T05:34:16Z" finished-at="2019-03-25T05:34:16Z">
          <reporter-output>
          </reporter-output>
        </test-method> <!-- crmLogoImageTest -->
        <test-method status="PASS" signature="tearDown()[pri:0, instance:com.crm.qa.testcases.LoginPageTest@77cd7a0]" name="tearDown" is-config="true" duration-ms="721" started-at="2019-03-25T05:34:16Z" finished-at="2019-03-25T05:34:16Z">
          <reporter-output>
          </reporter-output>
        </test-method> <!-- tearDown -->
        <test-method status="PASS" signature="setUp()[pri:0, instance:com.crm.qa.testcases.LoginPageTest@77cd7a0]" name="setUp" is-config="true" duration-ms="5201" started-at="2019-03-25T05:35:09Z" finished-at="2019-03-25T05:35:15Z">
          <reporter-output>
          </reporter-output>
        </test-method> <!-- setUp -->
        <test-method status="PASS" signature="loginTest()[pri:3, instance:com.crm.qa.testcases.LoginPageTest@77cd7a0]" name="loginTest" duration-ms="4178" started-at="2019-03-25T05:35:15Z" finished-at="2019-03-25T05:35:19Z">
          <reporter-output>
          </reporter-output>
        </test-method> <!-- loginTest -->
        <test-method status="PASS" signature="tearDown()[pri:0, instance:com.crm.qa.testcases.LoginPageTest@77cd7a0]" name="tearDown" is-config="true" duration-ms="766" started-at="2019-03-25T05:35:19Z" finished-at="2019-03-25T05:35:20Z">
          <reporter-output>
          </reporter-output>
        </test-method> <!-- tearDown -->
      </class> <!-- com.crm.qa.testcases.LoginPageTest -->
    </test> <!-- Free CRM App Test Cases -->
  </suite> <!-- Free CRM Application Test Automation Test Suite -->
</testng-results>
